==373816== Memcheck, a memory error detector
==373816== Copyright (C) 2002-2022, and GNU GPL'd, by Julian Seward et al.
==373816== Using Valgrind-3.22.0.GIT and LibVEX; rerun with -h for copyright info
==373816== Command: ./run-tests -rmq PrecomputedRMQ
==373816== Parent PID: 373182
==373816== 
==373816== 
==373816== Process terminating with default action of signal 2 (SIGINT)
==373816==    at 0x40F4E3: std::common_type<std::chrono::duration<long, std::ratio<1l, 1000000000l> >, std::chrono::duration<long, std::ratio<1l, 1000000000l> > >::type std::chrono::operator-<std::chrono::_V2::system_clock, std::chrono::duration<long, std::ratio<1l, 1000000000l> >, std::chrono::duration<long, std::ratio<1l, 1000000000l> > >(std::chrono::time_point<std::chrono::_V2::system_clock, std::chrono::duration<long, std::ratio<1l, 1000000000l> > > const&, std::chrono::time_point<std::chrono::_V2::system_clock, std::chrono::duration<long, std::ratio<1l, 1000000000l> > > const&) (chrono.h:1143)
==373816==    by 0x40EAF2: Timer::stop() (Timer.h:18)
==373816==    by 0x40C4B9: void (anonymous namespace)::runTests<PrecomputedRMQ>(unsigned long, unsigned long, unsigned long, unsigned long, unsigned long, (anonymous namespace)::TestParameters const&) (RunTests.cpp:155)
==373816==    by 0x40AFDF: void (anonymous namespace)::testRMQ<PrecomputedRMQ>((anonymous namespace)::TestParameters const&) (RunTests.cpp:179)
==373816==    by 0x40D4C8: void std::__invoke_impl<void, void (*&)((anonymous namespace)::TestParameters const&), (anonymous namespace)::TestParameters const&>(std::__invoke_other, void (*&)((anonymous namespace)::TestParameters const&), (anonymous namespace)::TestParameters const&) (invoke.h:61)
==373816==    by 0x40D1D4: std::enable_if<is_invocable_r_v<void, void (*&)((anonymous namespace)::TestParameters const&), (anonymous namespace)::TestParameters const&>, void>::type std::__invoke_r<void, void (*&)((anonymous namespace)::TestParameters const&), (anonymous namespace)::TestParameters const&>(void (*&)((anonymous namespace)::TestParameters const&), (anonymous namespace)::TestParameters const&) (invoke.h:111)
==373816==    by 0x40B7D3: std::_Function_handler<void ((anonymous namespace)::TestParameters const&), void (*)((anonymous namespace)::TestParameters const&)>::_M_invoke(std::_Any_data const&, (anonymous namespace)::TestParameters const&) (std_function.h:290)
==373816==    by 0x40B28A: std::function<void ((anonymous namespace)::TestParameters const&)>::operator()((anonymous namespace)::TestParameters const&) const (std_function.h:591)
==373816==    by 0x40AAFA: main (RunTests.cpp:268)
==373816== 
==373816== HEAP SUMMARY:
==373816==     in use at exit: 253,624 bytes in 16,156 blocks
==373816==   total heap usage: 48,437 allocs, 32,281 frees, 1,151,148 bytes allocated
==373816== 
==373816== 178,240 bytes in 16,140 blocks are definitely lost in loss record 14 of 14
==373816==    at 0x4844627: operator new[](unsigned long) (vg_replace_malloc.c:725)
==373816==    by 0x40459A: PrecomputedRMQ::PrecomputedRMQ(RMQEntry const*, unsigned long) (PrecomputedRMQ.cpp:8)
==373816==    by 0x40C3B9: void (anonymous namespace)::runTests<PrecomputedRMQ>(unsigned long, unsigned long, unsigned long, unsigned long, unsigned long, (anonymous namespace)::TestParameters const&) (RunTests.cpp:137)
==373816==    by 0x40AFDF: void (anonymous namespace)::testRMQ<PrecomputedRMQ>((anonymous namespace)::TestParameters const&) (RunTests.cpp:179)
==373816==    by 0x40D4C8: void std::__invoke_impl<void, void (*&)((anonymous namespace)::TestParameters const&), (anonymous namespace)::TestParameters const&>(std::__invoke_other, void (*&)((anonymous namespace)::TestParameters const&), (anonymous namespace)::TestParameters const&) (invoke.h:61)
==373816==    by 0x40D1D4: std::enable_if<is_invocable_r_v<void, void (*&)((anonymous namespace)::TestParameters const&), (anonymous namespace)::TestParameters const&>, void>::type std::__invoke_r<void, void (*&)((anonymous namespace)::TestParameters const&), (anonymous namespace)::TestParameters const&>(void (*&)((anonymous namespace)::TestParameters const&), (anonymous namespace)::TestParameters const&) (invoke.h:111)
==373816==    by 0x40B7D3: std::_Function_handler<void ((anonymous namespace)::TestParameters const&), void (*)((anonymous namespace)::TestParameters const&)>::_M_invoke(std::_Any_data const&, (anonymous namespace)::TestParameters const&) (std_function.h:290)
==373816==    by 0x40B28A: std::function<void ((anonymous namespace)::TestParameters const&)>::operator()((anonymous namespace)::TestParameters const&) const (std_function.h:591)
==373816==    by 0x40AAFA: main (RunTests.cpp:268)
==373816== 
==373816== LEAK SUMMARY:
==373816==    definitely lost: 178,240 bytes in 16,140 blocks
==373816==    indirectly lost: 0 bytes in 0 blocks
==373816==      possibly lost: 0 bytes in 0 blocks
==373816==    still reachable: 75,384 bytes in 16 blocks
==373816==         suppressed: 0 bytes in 0 blocks
==373816== Reachable blocks (those to which a pointer was found) are not shown.
==373816== To see them, rerun with: --leak-check=full --show-leak-kinds=all
==373816== 
==373816== For lists of detected and suppressed errors, rerun with: -s
==373816== ERROR SUMMARY: 1 errors from 1 contexts (suppressed: 0 from 0)
